<?xml version="1.0"?><coverage lines-covered="5" lines-valid="38" line-rate="0.13157894736842105" branches-covered="0" branches-valid="0" branch-rate="0" complexity="0" version="1.9" timestamp="1711242808"><sources><source>/Users/shahabakmal/Documents/personal/rust-projects/ownership</source></sources><packages><package name="src" line-rate="0.13157894736842105" branch-rate="0" complexity="0"><classes><class name="main" filename="src/main.rs" line-rate="0.13157894736842105" branch-rate="0" complexity="0"><methods/><lines><line number="1" hits="0"/><line number="3" hits="0"/><line number="4" hits="0"/><line number="6" hits="0"/><line number="7" hits="0"/><line number="10" hits="0"/><line number="11" hits="0"/><line number="14" hits="0"/><line number="15" hits="0"/><line number="19" hits="0"/><line number="20" hits="0"/><line number="21" hits="0"/><line number="23" hits="0"/><line number="25" hits="0"/><line number="26" hits="0"/><line number="28" hits="0"/><line number="29" hits="0"/><line number="33" hits="0"/><line number="34" hits="0"/><line number="36" hits="0"/><line number="40" hits="0"/><line number="41" hits="0"/><line number="42" hits="0"/><line number="45" hits="0"/><line number="46" hits="0"/><line number="49" hits="0"/><line number="50" hits="0"/><line number="52" hits="0"/><line number="54" hits="0"/><line number="56" hits="0"/><line number="58" hits="0"/><line number="63" hits="0"/><line number="66" hits="1"/><line number="67" hits="1"/><line number="70" hits="12"/><line number="71" hits="11"/><line number="72" hits="1"/><line number="76" hits="0"/></lines></class></classes></package></packages></coverage>